Arguments: 
  /home/kiyo/.nvm/versions/node/v20.2.0/bin/node /usr/local/bin/yarn add @hotwired/turbo-rails

PATH: 
  /home/kiyo/.rbenv/versions/3.1.2/lib/ruby/gems/3.1.0/bin:/home/kiyo/.rbenv/versions/3.1.2/bin:/home/kiyo/.rbenv/libexec:/home/kiyo/.rbenv/plugins/ruby-build/bin:/home/kiyo/.nvm/versions/node/v20.2.0/bin:/home/kiyo/.rbenv/shims:/home/kiyo/.rbenv/bin:/home/kiyo/.local/bin:/usr/local/sbin:/usr/local/bin:/usr/sbin:/usr/bin:/sbin:/bin:/usr/games:/usr/local/games:/snap/bin:/opt/lampp/bin

Yarn version: 
  1.22.19

Node version: 
  20.2.0

Platform: 
  linux x64

Trace: 
  Error [ERR_SOCKET_CONNECTION_TIMEOUT]: Socket connection timeout
      at new NodeError (node:internal/errors:399:5)
      at internalConnectMultiple (node:net:1099:20)
      at Timeout.internalConnectMultipleTimeout (node:net:1638:3)
      at listOnTimeout (node:internal/timers:575:11)
      at process.processTimers (node:internal/timers:514:7)

npm manifest: 
  {
    "name": "app",
    "private": "true",
    "dependencies": {
      "esbuild": "^0.19.1"
    },
    "scripts": {
      "build": "esbuild app/javascript/*.* --bundle --sourcemap --outdir=app/assets/builds --public-path=/assets"
    }
  }

yarn manifest: 
  No manifest

Lockfile: 
  # THIS IS AN AUTOGENERATED FILE. DO NOT EDIT THIS FILE DIRECTLY.
  # yarn lockfile v1
  
  
  "@esbuild/android-arm64@0.19.1":
    version "0.19.1"
    resolved "https://registry.yarnpkg.com/@esbuild/android-arm64/-/android-arm64-0.19.1.tgz#3803e259bb50a82a820a5e339832d42ffba02ffa"
    integrity sha512-CqhrKvDSt76I0so/5afqgKrMv41FjbfUKFrcZddMnrZKqJU70I1MWLVJrImJuYMaY4Yb9rn4UKfF7oZ0BOleVw==
  
  "@esbuild/android-arm@0.19.1":
    version "0.19.1"
    resolved "https://registry.yarnpkg.com/@esbuild/android-arm/-/android-arm-0.19.1.tgz#131a3bf5681fb50e1e873b79fce8eae98043606b"
    integrity sha512-yjTucwcOua52z14RL30JMwmCdylsQ5WrErGkAb6VL0MWPbnwJyLejydaRcUqkPO6g0MowlzavdxrR7AcfCW+yA==
  
  "@esbuild/android-x64@0.19.1":
    version "0.19.1"
    resolved "https://registry.yarnpkg.com/@esbuild/android-x64/-/android-x64-0.19.1.tgz#d8b5aa54142c04d2fa8dfdd7781929cf50f0246a"
    integrity sha512-VA29h01MrPkymIL1bFtvL2L4WPogiMGW2N/M+vXZHHOv6LgA9vjzVskTt0v5LjeCjx1PFDcR0ASKy8Y7Gm+iIA==
  
  "@esbuild/darwin-arm64@0.19.1":
    version "0.19.1"
    resolved "https://registry.yarnpkg.com/@esbuild/darwin-arm64/-/darwin-arm64-0.19.1.tgz#ce472269315da5342811b7bad901f6be0d456642"
    integrity sha512-Be4Cf6WDH7QkLHEpfzQOlBOFdqmqYTSqw2yG3SVmzB3++wy3K7wiNGedezL+q6Jb4weqT9tchO5kkLDC08Jnzg==
  
  "@esbuild/darwin-x64@0.19.1":
    version "0.19.1"
    resolved "https://registry.yarnpkg.com/@esbuild/darwin-x64/-/darwin-x64-0.19.1.tgz#445017aec28152dd340464565a6796276adbd234"
    integrity sha512-SewtenJi6zCEfZRSUchb+LgJ/IQw8QvnKECPu/qHII1fLQKnVPUVR+VH2IuS03DD9WWnAi3yfOvBNwtrp3WXtg==
  
  "@esbuild/freebsd-arm64@0.19.1":
    version "0.19.1"
    resolved "https://registry.yarnpkg.com/@esbuild/freebsd-arm64/-/freebsd-arm64-0.19.1.tgz#61f70529c0aa2432e0a652b63f99ef1e1f83f7d6"
    integrity sha512-TadKO0AaTDAPV2RyGZQ0AaiDTVYg7RsgNaA6OJjXXmoLbTs++NwHtzAmVFBq8Q/P9A11wgkv36HeyAYhWHbW1w==
  
  "@esbuild/freebsd-x64@0.19.1":
    version "0.19.1"
    resolved "https://registry.yarnpkg.com/@esbuild/freebsd-x64/-/freebsd-x64-0.19.1.tgz#f7658f988c88d6b63777678b89fb8137a07a9df6"
    integrity sha512-DrFMGLF0/aAcZgwhtZr1cby7aHlalpFjLCe5CiI8mm0Kqhhc8gyNZKreaZzvir8CQe0H17p9xx6M9ben5R3r0g==
  
  "@esbuild/linux-arm64@0.19.1":
    version "0.19.1"
    resolved "https://registry.yarnpkg.com/@esbuild/linux-arm64/-/linux-arm64-0.19.1.tgz#4245701cda66bfaeaf886d3c065729c98499d7de"
    integrity sha512-6ku/R2EzsdjyBaqQn+xGOPbv+BBYBXQYzlA04/46YQLmXkdApi0GYyUwiCXYBxm578iyywzGmM0rep1/q8tuFQ==
  
  "@esbuild/linux-arm@0.19.1":
    version "0.19.1"
    resolved "https://registry.yarnpkg.com/@esbuild/linux-arm/-/linux-arm-0.19.1.tgz#16ab51f1928c5631cbd40b86997198691201fe4c"
    integrity sha512-lCWDVPpQO/Dt5MEqctKujgtUVmwQx7J2Q83EqX/9BejN7BIX4fGJ0QKMiIyy21PFh+/64ArN+Ovh1tzYkTt2wg==
  
  "@esbuild/linux-ia32@0.19.1":
    version "0.19.1"
    resolved "https://registry.yarnpkg.com/@esbuild/linux-ia32/-/linux-ia32-0.19.1.tgz#860b8c9e15259117c2adc3c510eac1fcf4b96e9a"
    integrity sha512-8AKFBk9v/zBDsADvK/0BWZUxkjEc0QDwO8rvbHJKqAZx6DF/VSeBxTRmqWeecrJmx+n3kemEwML9z0eD9IHweQ==
  
  "@esbuild/linux-loong64@0.19.1":
    version "0.19.1"
    resolved "https://registry.yarnpkg.com/@esbuild/linux-loong64/-/linux-loong64-0.19.1.tgz#09b4dc90479af7aa62babbdf451cbd1bdc0c76ad"
    integrity sha512-6mOS5CxTGD8qOymp2y4KoM4ir+/REgjdJQFYpwP+WqjrWBo+PUevDGeHHjzCdw/R19PkFqS1bRzv8cTCmB/5kA==
  
  "@esbuild/linux-mips64el@0.19.1":
    version "0.19.1"
    resolved "https://registry.yarnpkg.com/@esbuild/linux-mips64el/-/linux-mips64el-0.19.1.tgz#92b242fde2d7d9875d3aa249d57f3508f9058934"
    integrity sha512-Bzmv6rRMzR4ErG2k/jwfj5jKNzVMVEI1tThuirFdAoE+duUv+jlDnlwxsN3s1eqMzADTOV2sSIcUUOfgv++Dgg==
  
  "@esbuild/linux-ppc64@0.19.1":
    version "0.19.1"
    resolved "https://registry.yarnpkg.com/@esbuild/linux-ppc64/-/linux-ppc64-0.19.1.tgz#43d07d27dde2819ab6e0dd200174b9a7dd25cb1f"
    integrity sha512-mPOxA7bd3nmx8TkuO/9M/tE0fnvmuX0wlpwnTL6DPLgkb/Z/KkupexSIw4cLfznn/fPzD89y17VWBjlVNyrpCQ==
  
  "@esbuild/linux-riscv64@0.19.1":
    version "0.19.1"
    resolved "https://registry.yarnpkg.com/@esbuild/linux-riscv64/-/linux-riscv64-0.19.1.tgz#293e3027e996446d9d303d61605b5b0c14c238f9"
    integrity sha512-znYb2Mhe9xKIDeIYuTD6vCcUltvYzRT5Yq6sVcdhPrGu8DRdsNZS04B2tSeM+j7T03jL4yY+7/G/jxSJJ9LX2A==
  
  "@esbuild/linux-s390x@0.19.1":
    version "0.19.1"
    resolved "https://registry.yarnpkg.com/@esbuild/linux-s390x/-/linux-s390x-0.19.1.tgz#ac6876f7b0221237792001fd644ca6523a82d5a7"
    integrity sha512-BBIE32cyqAYhMOQ42/jnecoF5P/S5lMob2vXSUiFpD3xCFbXOFkjP1OjfFKnalSO9+B5emvPTQFfNQXuLeVGEw==
  
  "@esbuild/linux-x64@0.19.1":
    version "0.19.1"
    resolved "https://registry.yarnpkg.com/@esbuild/linux-x64/-/linux-x64-0.19.1.tgz#f2761e507bfb5a975ae89cb0b95b7c10fa283d8b"
    integrity sha512-PoCvKdHTIbnHmVJ5OEdewGMSw40HDFRTrC/imwh8vrp695RbSUpOqBqNBT45neK0FQleGFbSE/A9X6HlXPDhqA==
  
  "@esbuild/netbsd-x64@0.19.1":
    version "0.19.1"
    resolved "https://registry.yarnpkg.com/@esbuild/netbsd-x64/-/netbsd-x64-0.19.1.tgz#c1f948931b14b96cf958c783c7dbec0409782a0c"
    integrity sha512-4OrGMPorHCq9h52VLtyyyAmPjC2ZlANx54VDYyCrqXUOi+k0qxnPKXKKprVES67w2mE7TZJx9qZmT+jHeiZbHQ==
  
  "@esbuild/openbsd-x64@0.19.1":
    version "0.19.1"
    resolved "https://registry.yarnpkg.com/@esbuild/openbsd-x64/-/openbsd-x64-0.19.1.tgz#1d863e5c54a6a8a03e585ab3e3240863fc3a5e58"
    integrity sha512-3a7ZYMjBC4P3FKdTmUZHJw7Mhzp71m+iSFFhX1PnLZ03qmyaB2K+vJZCk4PjRjAvm5lSupJQQtM/AFMyLgKlxQ==
  
  "@esbuild/sunos-x64@0.19.1":
    version "0.19.1"
    resolved "https://registry.yarnpkg.com/@esbuild/sunos-x64/-/sunos-x64-0.19.1.tgz#ee66c195f07527eb098d72e3a298398513128f67"
    integrity sha512-29yWBN5XfEjXT8yoeVb8cXfN1jAQLB+uskog1vBMhFR+YWOYvsrwPnh4hspETC/JnF95J+iETrvxgOUlICTWIw==
  
  "@esbuild/win32-arm64@0.19.1":
    version "0.19.1"
    resolved "https://registry.yarnpkg.com/@esbuild/win32-arm64/-/win32-arm64-0.19.1.tgz#810ac7fcc15e4c0b606acdb39cd5cf342ba16dd7"
    integrity sha512-9Hb/WUXgyXlL55w3iNVyLkN9gq9x+agv3kk80foWbfpOwe7Qw4Vx6JGB+XQdsIfvvP1kShVQPIvBgVj0TxLlVw==
  
  "@esbuild/win32-ia32@0.19.1":
    version "0.19.1"
    resolved "https://registry.yarnpkg.com/@esbuild/win32-ia32/-/win32-ia32-0.19.1.tgz#c8ae19f2f87d9a6dd4b6c1a490d2c2c010ed315b"
    integrity sha512-VGdtEcXX/f01NgoM8emDnpdOyrZCQ7VTwLv89MOl3mvJ5fbCOBMNCa8t7RZS4lf12RS87qOuJFX7Bh9aLTbSxg==
  
  "@esbuild/win32-x64@0.19.1":
    version "0.19.1"
    resolved "https://registry.yarnpkg.com/@esbuild/win32-x64/-/win32-x64-0.19.1.tgz#8689ddff5792349df358d38d239a73ce58f274ab"
    integrity sha512-H6u8OHmJkKJubLbukVOyi9yA5lzK8VE4TFEkZj2vgusTUPvFeMQ8YnWviVc9F6PuKS6ZIpOvi2/sfiW8tQZQ2g==
  
  esbuild@^0.19.1:
    version "0.19.1"
    resolved "https://registry.yarnpkg.com/esbuild/-/esbuild-0.19.1.tgz#eda3e5d2d0c2e89059464ac895bdf20bea2c26b4"
    integrity sha512-IknHHwV4B/H4imOAu+416fuCvPfRjdncoyGi7eunhSvHuHkdNs50sLWan2LEG2Mym07TuW6gJUIyRS9G1miHEg==
    optionalDependencies:
      "@esbuild/android-arm" "0.19.1"
      "@esbuild/android-arm64" "0.19.1"
      "@esbuild/android-x64" "0.19.1"
      "@esbuild/darwin-arm64" "0.19.1"
      "@esbuild/darwin-x64" "0.19.1"
      "@esbuild/freebsd-arm64" "0.19.1"
      "@esbuild/freebsd-x64" "0.19.1"
      "@esbuild/linux-arm" "0.19.1"
      "@esbuild/linux-arm64" "0.19.1"
      "@esbuild/linux-ia32" "0.19.1"
      "@esbuild/linux-loong64" "0.19.1"
      "@esbuild/linux-mips64el" "0.19.1"
      "@esbuild/linux-ppc64" "0.19.1"
      "@esbuild/linux-riscv64" "0.19.1"
      "@esbuild/linux-s390x" "0.19.1"
      "@esbuild/linux-x64" "0.19.1"
      "@esbuild/netbsd-x64" "0.19.1"
      "@esbuild/openbsd-x64" "0.19.1"
      "@esbuild/sunos-x64" "0.19.1"
      "@esbuild/win32-arm64" "0.19.1"
      "@esbuild/win32-ia32" "0.19.1"
      "@esbuild/win32-x64" "0.19.1"
